custom_gallery/build/intermediates/manifest_merge_blame_file/debug/manifest-merger-blame-debug-report.txt
1<?xml version="1.0" encoding="utf-8"?>
2<manifest xmlns:android="http://schemas.android.com/apk/res/android"
3    xmlns:tools="http://schemas.android.com/tools"
4    package="dev.chu.custom_gallery"
5    android:versionCode="1"
6    android:versionName="1.0" >
7
8    <uses-sdk
9        android:minSdkVersion="21"
9-->src/main/AndroidManifest.xml
10        android:targetSdkVersion="30" />
10-->src/main/AndroidManifest.xml
11
12    <uses-permission android:name="android.permission.READ_EXTERNAL_STORAGE" />
12-->src/main/AndroidManifest.xml:6:5-80
12-->src/main/AndroidManifest.xml:6:22-77
13    <uses-permission
13-->src/main/AndroidManifest.xml:7:5-8:40
14        android:name="android.permission.WRITE_EXTERNAL_STORAGE"
14-->src/main/AndroidManifest.xml:7:22-78
15        tools:ignore="ScopedStorage" />
15-->src/main/AndroidManifest.xml:8:9-37
16
17    <application android:name="dev.chu.custom_gallery.MainApplication" >
17-->src/main/AndroidManifest.xml:10:5-14:19
17-->src/main/AndroidManifest.xml:10:18-49
18        <activity
18-->src/main/AndroidManifest.xml:11:9-13:52
19            android:name="dev.chu.custom_gallery.ui.GalleryActivity"
19-->src/main/AndroidManifest.xml:12:13-47
20            android:screenOrientation="portrait" />
20-->src/main/AndroidManifest.xml:13:13-49
21    </application>
22
23</manifest>